
ROM used:   921/8192 (11%)
            921/8192 (11%) including unused fragments

            0.9 Average locations per line
            7.4 Average locations per statement

RAM used:   32/368 (9%) at main() level
            42/368 (11%) worst case

Stack used: 3 worst case (2 in main + 1 for interrupts)
Stack size: 8

Lines Stmts  %   Files
----- ----- ---  -----
  241   124 100  project.c
  761     0   0  ..\..\..\PICC\Devices\16F886.h
----- -----
 1002   124 Total

Page ROM  %  RAM    Vol Diff  Functions:
---- --- --- ---    --- ----  ----------
0     20   2    1             @delay_ms1
0     16   2    1             @I2C_WRITEU_1
0     27   3    4    190  2.9  show_on7Sec
0     38   4    0    277  4.6  ext_isr
0     55   6    0    412  3.7  timer1_isr
0    404  44    5    988  7.5  MAIN
 Inline         4    499  5.8  infared_input
0      8   1    0             @const639
 Inline         4             @PSTRINGC7_9600_62_63
0      7   1    0             @const644
0     89  10    5             @PSTRINGCN7_9600_62_63
0     21   2    3             @DIV88
0     91  10    6             @PRINTF_D_9600_62_63
0      9   1    0             @const653
 Inline         0     50  1.5  wheel_spin_control
 Inline         1    108  1.7  stop_wheel
0     48   5    1    245  1.8  servo_control
 Inline         0             @cinit1

Program metrics:
    Functions               8
    Statements              124
    Comments                162
    Volume (V)              4171
    Difficulty (D)          28.6
    Effort to implement (E) 119344
    Time to implement (T)   1 hours, 51 minutes
    Est Delivered Bugs (B)  1
    Cyclomatic Complexity   21
    Maintainability (MI)    125

 Segment     Used  Free
-----------  ----  ----
00000-00003     4  0  
00004-00057    84  0  
00058-007FF   833  1127  
00800-00FFF     0  2048  
01000-017FF     0  2048  
01800-01FFF     0  2048  



